MPASM 5.81                     MAIN_CODE.ASM   9-1-2018  18:43:56         PAGE  1


LOC  OBJECT CODE     LINE SOURCE TEXT
  VALUE

                      00001 ; ;
                      00002 ;   Variables globales compartidas por los drivers.
                      00003 ;       
                      00004 ; ;
                      00005 #include <DEFINITIONS.inc>
                      00001     LIST   P=PIC18F4550
                      00002 
                      00003 ;<editor-fold defaultstate="collapsed" desc="BITS DE CONFIGURACION PARA LOS FUSIBLES">   
                      00004 ; PIC18F4550 Configuration Bit Settings
                      00005 ; Assembly source line config statements
                      00006 #include "p18f4550.inc"
                      00001         LIST
                      00002 
                      00003 ;==========================================================================
                      00004 ; Build date : Jul 23 2018
                      00005 ;  MPASM PIC18F4550 processor include
                      00006 ; 
                      00007 ;  (c) Copyright 1999-2018 Microchip Technology, All rights reserved
                      00008 ;==========================================================================
                      00009 
                      01765         LIST
                      00007 ; CONFIG1L
                      00008   CONFIG  PLLDIV = 5            ; PLL Prescaler Selection bits (Divide by 5 (20 MHz oscillator input))
                      00009   CONFIG  CPUDIV = OSC1_PLL2    ; System Clock Postscaler Selection bits ([Primary Oscillator Src: /1][9
                            6 MHz PLL Src: /2])
                      00010   CONFIG  USBDIV = 1            ; USB Clock Selection bit (used in Full-Speed USB mode only; UCFG:FSEN =
                             1) (USB clock source comes directly from the primary oscillator block with no postscale)
                      00011 ; CONFIG1H
                      00012   CONFIG  FOSC = HSPLL_HS       ; Oscillator Selection bits (HS oscillator, PLL enabled (HSPLL))
                      00013   CONFIG  FCMEN = OFF            ; Fail-Safe Clock Monitor Enable bit (Fail-Safe Clock Monitor enabled)
                      00014   CONFIG  IESO = OFF            ; Internal/External Oscillator Switchover bit (Oscillator Switchover mod
                            e disabled)
                      00015 ; CONFIG2L
                      00016   CONFIG  PWRT = OFF            ; Power-up Timer Enable bit (PWRT disabled)
                      00017   CONFIG  BOR = OFF              ; Brown-out Reset Enable bits (Brown-out Reset enabled in hardware only
                             (SBOREN is disabled))
                      00018   CONFIG  BORV = 3              ; Brown-out Reset Voltage bits (Minimum setting 2.05V)
                      00019   CONFIG  VREGEN = OFF          ; USB Voltage Regulator Enable bit (USB voltage regulator disabled)
                      00020 ; CONFIG2H
                      00021   CONFIG  WDT = OFF             ; Watchdog Timer Enable bit (WDT disabled (control is placed on the SWDT
                            EN bit))
                      00022   CONFIG  WDTPS = 32768         ; Watchdog Timer Postscale Select bits (1:32768)
                      00023 ; CONFIG3H
                      00024   CONFIG  CCP2MX = OFF           ; CCP2 MUX bit (CCP2 input/output is multiplexed with RC1)
                      00025   CONFIG  PBADEN = OFF           ; PORTB A/D Enable bit (PORTB<4:0> pins are configured as analog input 
                            channels on Reset)
                      00026   CONFIG  LPT1OSC = OFF         ; Low-Power Timer 1 Oscillator Enable bit (Timer1 configured for higher 
                            power operation)
                      00027   CONFIG  MCLRE = ON            ; MCLR Pin Enable bit (MCLR pin enabled; RE3 input pin disabled)
                      00028 ; CONFIG4L
                      00029   CONFIG  STVREN = ON           ; Stack Full/Underflow Reset Enable bit (Stack full/underflow will cause
                             Reset)
                      00030   CONFIG  LVP = OFF              ; Single-Supply ICSP Enable bit (Single-Supply ICSP enabled)
MPASM 5.81                     MAIN_CODE.ASM   9-1-2018  18:43:56         PAGE  2


LOC  OBJECT CODE     LINE SOURCE TEXT
  VALUE

                      00031   CONFIG  ICPRT = OFF           ; Dedicated In-Circuit Debug/Programming Port (ICPORT) Enable bit (ICPOR
                            T disabled)
                      00032   CONFIG  XINST = OFF           ; Extended Instruction Set Enable bit (Instruction set extension and Ind
                            exed Addressing mode disabled (Legacy mode))
                      00033 ; CONFIG5L
                      00034   CONFIG  CP0 = OFF             ; Code Protection bit (Block 0 (000800-001FFFh) is not code-protected)
                      00035   CONFIG  CP1 = OFF             ; Code Protection bit (Block 1 (002000-003FFFh) is not code-protected)
                      00036   CONFIG  CP2 = OFF             ; Code Protection bit (Block 2 (004000-005FFFh) is not code-protected)
                      00037   CONFIG  CP3 = OFF             ; Code Protection bit (Block 3 (006000-007FFFh) is not code-protected)
                      00038 ; CONFIG5H
                      00039   CONFIG  CPB = OFF             ; Boot Block Code Protection bit (Boot block (000000-0007FFh) is not cod
                            e-protected)
                      00040   CONFIG  CPD = OFF             ; Data EEPROM Code Protection bit (Data EEPROM is not code-protected)
                      00041 ; CONFIG6L
                      00042   CONFIG  WRT0 = OFF            ; Write Protection bit (Block 0 (000800-001FFFh) is not write-protected)
                      00043   CONFIG  WRT1 = OFF            ; Write Protection bit (Block 1 (002000-003FFFh) is not write-protected)
                      00044   CONFIG  WRT2 = OFF            ; Write Protection bit (Block 2 (004000-005FFFh) is not write-protected)
                      00045   CONFIG  WRT3 = OFF            ; Write Protection bit (Block 3 (006000-007FFFh) is not write-protected)
                      00046 ; CONFIG6H
                      00047   CONFIG  WRTC = OFF            ; Configuration Register Write Protection bit (Configuration registers (
                            300000-3000FFh) are not write-protected)
                      00048   CONFIG  WRTB = OFF            ; Boot Block Write Protection bit (Boot block (000000-0007FFh) is not wr
                            ite-protected)
                      00049   CONFIG  WRTD = OFF            ; Data EEPROM Write Protection bit (Data EEPROM is not write-protected)
                      00050 ; CONFIG7L
                      00051   CONFIG  EBTR0 = OFF           ; Table Read Protection bit (Block 0 (000800-001FFFh) is not protected f
                            rom table reads executed in other blocks)
                      00052   CONFIG  EBTR1 = OFF           ; Table Read Protection bit (Block 1 (002000-003FFFh) is not protected f
                            rom table reads executed in other blocks)
                      00053   CONFIG  EBTR2 = OFF           ; Table Read Protection bit (Block 2 (004000-005FFFh) is not protected f
                            rom table reads executed in other blocks)
                      00054   CONFIG  EBTR3 = OFF           ; Table Read Protection bit (Block 3 (006000-007FFFh) is not protected f
                            rom table reads executed in other blocks)
                      00055 ; CONFIG7H
                      00056   CONFIG  EBTRB = OFF           ; Boot Block Table Read Protection bit (Boot block (000000-0007FFh) is n
                            ot protected from table reads executed in other blocks)
                      00057 ;</editor-fold>
                      00058 
                      00059 ; = = = = = = = = = = = = = = = = = = = = =
                      00060 ;   MACROS PARA SUMAR
                      00061 ; = = = = = = = = = = = = = = = = = = = = =
                      00062 BSR_BYTE_ADD MACRO F0,F1,F2
                      00063     MOVF        F0,W,1  ;Cargar el contenido de F0 en W
                      00064     MOVWF       F2,1    ;Cargar el valor en F2
                      00065     MOVF        F1,W,1  ;Cargar el contenido de F1 en W
                      00066     ADDWF       F2,F,1  ;Sumar y almacenar en F2
                      00067     ENDM
                      00068 BSR_BYTE_ADD_WCARRY MACRO F0,F1,F2
                      00069     MOVF        F0,W,1  ;Cargar el contenido de F0 en W
                      00070     MOVWF       F2,1    ;Cargar el valor en F2
                      00071     MOVF        F1,W,1  ;Cargar el contenido de F1 en W
                      00072     ADDWFC      F2,F,1  ;Sumar junto con CARRY y almacenar en F2
                      00073     ENDM
MPASM 5.81                     MAIN_CODE.ASM   9-1-2018  18:43:56         PAGE  3


LOC  OBJECT CODE     LINE SOURCE TEXT
  VALUE

                      00074 ; = = = = = = = = = = = = = = = = = = = = =
                      00075 ;   VARIABLES GLOBALES
                      00076 ; = = = = = = = = = = = = = = = = = = = = =
                      00077 ;OPERADORES UDATA_ACS
                      00078 ;OPERA RES 2
                      00079 ;OPERB RES 2
                      00080 ;OPERC RES 2
                      00081 ;OPERADORES_PTR UDATA_ACS
                      00082 ;PTR RES 1
                      00083 ; = = = = = = = = = = = = = = = = = = = = =
                      00084 ;   FUNCIONES
                      00085 ; = = = = = = = = = = = = = = = = = = = = =
                      00086  
  0000                00087     EXTERN ERROR_SYS
  0000                00088     EXTERN POR_SYS
  0000                00089     EXTERN SYSTEM_INIT
                      00090     
  0000                00091     EXTERN TIMER0_PRECHARGE
  0000                00092     EXTERN TIMER0_INIT
  0000                00093     EXTERN TIMER0_WR
  0000                00094     EXTERN TIMER0_START
  0000                00095     EXTERN TIMER0_STOP
                      00096     
  0000                00097     EXTERN UART_PTRL
  0000                00098     EXTERN UART_COUNTER
  0000                00099     EXTERN UART_INIT
  0000                00100     EXTERN UART_MOV
  0000                00101     EXTERN UART_START
  0000                00102     EXTERN UART_STOP
                      00006 
  00000020            00007 UART_BUFFER_SIZE    EQU     .32
  00000100            00008 UART_BUFFER_ADDR    EQU     0x100
                      00009     
                      00010 STRING  UDATA   UART_BUFFER_ADDR
000100                00011 UART_BUFFER RES UART_BUFFER_SIZE
                      00012     
                      00013 RES_VECT  CODE    0x00            ; processor reset vector
000000 EF?? F???      00014     GOTO    START                   ; go to beginning of program
                      00015 H_ISR   CODE    0x08
000008 EF?? F???      00016     GOTO    HIGH_ISR
                      00017 L_ISR   CODE    0x18
000018 EF?? F???      00018     GOTO    LOW_ISR
                      00019 ; TODO ADD INTERRUPTS HERE IF USED
                      00020 MAIN_PROG CODE                      ; let linker place main program
000000                00021 HIGH_ISR:
                      00022     ;
                      00023     ; CARGAR    WREG
                      00024     ;           STATUS
                      00025     ;           BSR
                      00026     ; EN STACK {
000000 0005           00027     PUSH
000002 6EFD           00028     MOVWF       TOSL,0      ;TOSL = WREG
000004 50D8           00029     MOVF        STATUS,W,0  ;
MPASM 5.81                     MAIN_CODE.ASM   9-1-2018  18:43:56         PAGE  4


LOC  OBJECT CODE     LINE SOURCE TEXT
  VALUE

000006 6EFE           00030     MOVWF       TOSH,0      ;TOSH = STATUS
000008 50E0           00031     MOVF        BSR,W,0     ;
00000A 6EFF           00032     MOVWF       TOSU,0      ;TOSU = BSR
                      00033     ;   }
00000C B4F2           00034     BTFSC       INTCON,TMR0IF,0 ; VERIFICAR SI TMR0IF ESTA ACTIVA
00000E D???           00035     BRA         TMR0_ISR
000010 BA9E           00036     BTFSC       PIR1,RCIF,0     ; VERIFICAR SI RCIF ESTA ACTIVO
000012 D???           00037     BRA         UART_RX_ISR
000014 B89E           00038     BTFSC       PIR1,TXIF,0     ; VERIFICAR SI TXIF ESTA ACTIVO
000016 D???           00039     BRA         UART_TX_ISR
000018 D???           00040     BRA         HISR_OUT        ; SALIR DE LA INTERRUPCION RECUPERANDO DATOS DE LA PILA
00001A                00041 TMR0_ISR:
00001A 94F2           00042     BCF         INTCON,TMR0IF,0;LIMPIAR POSIBLES INTERRUPCIONES
00001C 0100           00043     MOVLB       0x00; RECARGAR BSR ANTES DE REGRESAR
00001E 7889           00044     BTG         LATA,RA4,0
000020 5100           00045     MOVF        TIMER0_PRECHARGE,W,1
000022 6ED6           00046     MOVWF       TMR0L,0
000024 5100           00047     MOVF        TIMER0_PRECHARGE+1,W,1
000026 6ED7           00048     MOVWF       TMR0H,0
000028 0E21           00049     MOVLW       UART_BUFFER_SIZE+1  ; Pre cargar
00002A 6F00           00050     MOVWF       UART_COUNTER,1      ; el contador UART
                      00051     ;   CARGAR EL APUNTADOR
00002C 5100           00052     MOVF        UART_PTRL,W,1
00002E 6ED9           00053     MOVWF       FSR2L,0
000030 5100           00054     MOVF        UART_PTRL+.1,W,1
000032 6EDA           00055     MOVWF       FSR2H,0
                      00056     ;   ACTIVAR INTERRUPCION DE TRANSMISION
000034 889D           00057     BSF         PIE1,TXIE,0
000036 D???           00058     BRA         HISR_OUT        ; SALIR DE LA INTERRUPCION RECUPERANDO DATOS DE LA PILA
000038                00059 UART_TX_ISR:
000038 0100           00060     MOVLB       0x00                ; REGRESAR EL BSR antes del RETFIE
00003A 2E00           00061     DECFSZ      UART_COUNTER,1      ; Decrementar el contador y saltar si cero
00003C D???           00062     BRA         UART_TX_ISR_
00003E 0E0A           00063     MOVLW       '\n'
000040 6EAD           00064     MOVWF       TXREG,0
000042 989D           00065     BCF         PIE1,TXIE,0         ; El contador esta vacio, terminar Transmision
000044 D???           00066     BRA         HISR_OUT        ; SALIR DE LA INTERRUPCION RECUPERANDO DATOS DE LA PILA
000046                00067 UART_TX_ISR_:
000046 50DE           00068     MOVF        POSTINC2,W          ; Cargar del apuntador y enviar
000048 6EAD           00069     MOVWF       TXREG,0             ;
00004A D???           00070     BRA         HISR_OUT        ; SALIR DE LA INTERRUPCION RECUPERANDO DATOS DE LA PILA
00004C                00071 UART_RX_ISR:
00004C 50AE           00072     MOVF        RCREG,W,0
00004E 6EAD           00073     MOVWF       TXREG,0
000050 D???           00074     BRA         HISR_OUT        ; SALIR DE LA INTERRUPCION RECUPERANDO DATOS DE LA PILA
000052                00075 HISR_OUT:
                      00076     ; SACAR VARIABLES DEL STACK {
000052 50FF           00077     MOVF        TOSU,W,0    ;BSR    = TOSU
000054 6EE0           00078     MOVWF       BSR,0
000056 50FE           00079     MOVF        TOSH,W,0    ;STATUS = TOSH
000058 6ED8           00080     MOVWF       STATUS
00005A 50FD           00081     MOVF        TOSL,W,0    ;WREG   = TOSL
00005C 0006           00082     POP
MPASM 5.81                     MAIN_CODE.ASM   9-1-2018  18:43:56         PAGE  5


LOC  OBJECT CODE     LINE SOURCE TEXT
  VALUE

                      00083     ;   }
00005E 0010           00084     RETFIE
000060                00085 LOW_ISR:
000060 0000           00086     NOP
000062 0010           00087     RETFIE
000064                00088 START:
000064 EC?? F???      00089     CALL    POR_SYS
                      00090 ;    BZ   ERROR_SYS;SI NO ES CERO SALTAR
000068 EC?? F???      00091     CALL    SYSTEM_INIT
00006C EC?? F???      00092     CALL    TIMER0_INIT
000070 EC?? F???      00093     CALL    UART_INIT
                      00094 ;   CARGAR DATO AL UART {
000074 0E00           00095     MOVLW       (UART_BUFFER_ADDR & 0xFF)       ;
000076 6E00           00096     MOVWF       0x00,0  ; CARGAR EL PUNTERO AL UART
000078 0E01           00097     MOVLW       (UART_BUFFER_ADDR>>.8) & 0xFF   ;
00007A 6E01           00098     MOVWF       0x01,0  ;
00007C EC?? F???      00099     CALL        UART_MOV
                      00100 ;   CARGAR DATO AL UART }
                      00101 ;   CONFIGURAR PUERTO A {  
000080 6A80           00102     CLRF        PORTA
000082 6A89           00103     CLRF        LATA
000084 0E0F           00104     MOVLW       0Fh
000086 6EC1           00105     MOVWF       ADCON1
000088 0E07           00106     MOVLW       07h
00008A 6EB4           00107     MOVWF       CMCON
00008C 6A92           00108     CLRF        TRISA;Configurar PORTA como salida
                      00109 ;   CONFIGURAR PUERTO A }
                      00110     ; Comenzar el servicio UART
00008E 0101           00111     MOVLB       0x01
000090 0E30           00112     MOVLW       '0'
000092 6F00           00113     MOVWF       UART_BUFFER,1
000094 0E31           00114     MOVLW       '1'
000096 6F00           00115     MOVWF       UART_BUFFER+.1,1
000098 0E32           00116     MOVLW       '2'
00009A 6F00           00117     MOVWF       UART_BUFFER+.2,1
00009C 0E33           00118     MOVLW       '3'
00009E 6F00           00119     MOVWF       UART_BUFFER+.3,1
0000A0 0E34           00120     MOVLW       '4'
0000A2 6F00           00121     MOVWF       UART_BUFFER+.4,1
0000A4 0E35           00122     MOVLW       '5'
0000A6 6F00           00123     MOVWF       UART_BUFFER+.5,1
0000A8 0E36           00124     MOVLW       '6'
0000AA 6F00           00125     MOVWF       UART_BUFFER+.6,1
0000AC 0E37           00126     MOVLW       '7'
0000AE 6F00           00127     MOVWF       UART_BUFFER+.7,1
0000B0 0E38           00128     MOVLW       '8'
0000B2 6F00           00129     MOVWF       UART_BUFFER+.8,1
0000B4 0E39           00130     MOVLW       '9'
0000B6 6F00           00131     MOVWF       UART_BUFFER+.9,1
0000B8 0E41           00132     MOVLW       'A'
0000BA 6F00           00133     MOVWF       UART_BUFFER+.10,1
0000BC 0E42           00134     MOVLW       'B'
0000BE 6F00           00135     MOVWF       UART_BUFFER+.11,1
MPASM 5.81                     MAIN_CODE.ASM   9-1-2018  18:43:56         PAGE  6


LOC  OBJECT CODE     LINE SOURCE TEXT
  VALUE

0000C0 0E43           00136     MOVLW       'C'
0000C2 6F00           00137     MOVWF       UART_BUFFER+.12,1
0000C4 0E44           00138     MOVLW       'D'
0000C6 6F00           00139     MOVWF       UART_BUFFER+.13,1
0000C8 0E45           00140     MOVLW       'E'
0000CA 6F00           00141     MOVWF       UART_BUFFER+.14,1
0000CC 0E46           00142     MOVLW       'F'
0000CE 6F00           00143     MOVWF       UART_BUFFER+.15,1
0000D0 0E20           00144     MOVLW       ' '
0000D2 6F00           00145     MOVWF       UART_BUFFER+.16,1
0000D4 0E48           00146     MOVLW       'H'
0000D6 6F00           00147     MOVWF       UART_BUFFER+.17,1
0000D8 0E65           00148     MOVLW       'e'
0000DA 6F00           00149     MOVWF       UART_BUFFER+.18,1
0000DC 0E6C           00150     MOVLW       'l'
0000DE 6F00           00151     MOVWF       UART_BUFFER+.19,1
0000E0 0E6C           00152     MOVLW       'l'
0000E2 6F00           00153     MOVWF       UART_BUFFER+.20,1
0000E4 0E6F           00154     MOVLW       'o'
0000E6 6F00           00155     MOVWF       UART_BUFFER+.21,1
0000E8 0E20           00156     MOVLW       ' '
0000EA 6F00           00157     MOVWF       UART_BUFFER+.22,1
0000EC 0E77           00158     MOVLW       'w'
0000EE 6F00           00159     MOVWF       UART_BUFFER+.23,1
0000F0 0E6F           00160     MOVLW       'o'
0000F2 6F00           00161     MOVWF       UART_BUFFER+.24,1
0000F4 0E72           00162     MOVLW       'r'
0000F6 6F00           00163     MOVWF       UART_BUFFER+.25,1
0000F8 0E6C           00164     MOVLW       'l'
0000FA 6F00           00165     MOVWF       UART_BUFFER+.26,1
0000FC 0E64           00166     MOVLW       'd'
0000FE 6F00           00167     MOVWF       UART_BUFFER+.27,1
000100 0E23           00168     MOVLW       '#'
000102 6F00           00169     MOVWF       UART_BUFFER+.28,1
000104 0E23           00170     MOVLW       '#'
000106 6F00           00171     MOVWF       UART_BUFFER+.29,1
000108 0E23           00172     MOVLW       '#'
00010A 6F00           00173     MOVWF       UART_BUFFER+.30,1
00010C 0E23           00174     MOVLW       '#'
00010E 6F00           00175     MOVWF       UART_BUFFER+.31,1
000110 EC?? F???      00176     CALL        UART_START
000114 EC?? F???      00177     CALL        TIMER0_START
                      00178     
                      00179 ;   CONFIGURAR AUTOFANTASTICO EN PUERTO B Y PUERTO D
                      00180     CBLOCK          0x00
  00000000            00181         DELAY_R0
  00000001            00182         DELAY_R1
  00000002            00183         COUNTER
                      00184     ENDC
  00000000            00185 DELAY_R0_PRECHARGE      EQU 0x00
  00000000            00186 DELAY_R1_PRECHARGE      EQU 0x00
  00000008            00187 COUNTER_PRECHARGE       EQU 0x08
                      00188 
MPASM 5.81                     MAIN_CODE.ASM   9-1-2018  18:43:56         PAGE  7


LOC  OBJECT CODE     LINE SOURCE TEXT
  VALUE

000118 6A81           00189     CLRF        PORTB,0
00011A 6A83           00190     CLRF        PORTD,0
00011C 0E0E           00191     MOVLW       0x0E
00011E 6EC1           00192     MOVWF       ADCON1,0
000120 6A93           00193     CLRF        TRISB,0;H
000122 6A95           00194     CLRF        TRISD,0;L
                      00195     
000124 808A           00196     BSF         LATB,RB0,0;Cargar el bit que se rotara
000126                00197 LOOP:
000126                00198 PORTB_LEFT_ROTATION:
                      00199     ;CALL    DELAY
000126 368A           00200     RLCF    LATB,F,0
000128 E2??           00201     BC      PORTD_LEFT_ROTATION
00012A EF?? F???      00202     goto    PORTB_LEFT_ROTATION
00012E                00203 PORTD_LEFT_ROTATION:
                      00204     ;CALL    DELAY
00012E 368C           00205     RLCF    LATD,F,0
000130 E2??           00206     BC      PORTD_RIGHT_ROTATION
000132 EF?? F???      00207     goto    PORTD_LEFT_ROTATION
000136                00208 PORTD_RIGHT_ROTATION:
                      00209     ;CALL    DELAY
000136 328C           00210     RRCF    LATD,F,0
000138 E2??           00211     BC      PORTB_RIGHT_ROTATION
00013A EF?? F???      00212     goto    PORTD_RIGHT_ROTATION
00013E                00213 PORTB_RIGHT_ROTATION:
                      00214     ;CALL    DELAY
00013E 328A           00215     RRCF    LATB,F,0
000140 E2??           00216     BC      LOOP
000142 EF?? F???      00217     goto    PORTB_RIGHT_ROTATION
000146                00218 DELAY:
000146 0E00           00219     MOVLW   DELAY_R0_PRECHARGE
000148 6E00           00220     MOVWF   DELAY_R0
00014A 0E00           00221     MOVLW   DELAY_R1_PRECHARGE
00014C 6E01           00222     MOVWF   DELAY_R1
00014E                00223 DELAY_LOOP_0:
00014E 2E00           00224     DECFSZ  DELAY_R0
000150 D???           00225     BRA     DELAY_LOOP_0
000152 2E01           00226     DECFSZ  DELAY_R1
000154 D???           00227     BRA     DELAY_LOOP_0
000156 0012           00228     RETURN
                      00229     END
MPASM 5.81                     MAIN_CODE.ASM   9-1-2018  18:43:56         PAGE  8


SYMBOL TABLE
  LABEL                             VALUE 

A                                 00000000
ABDEN                             00000000
ABDOVF                            00000007
ACCESS                            00000000
ACKDT                             00000005
ACKEN                             00000004
ACKSTAT                           00000006
ACQT0                             00000003
ACQT1                             00000004
ACQT2                             00000005
ACTVIE                            00000002
ACTVIF                            00000002
ADCON0                            00000FC2
ADCON1                            00000FC1
ADCON2                            00000FC0
ADCS0                             00000000
ADCS1                             00000001
ADCS2                             00000002
ADDEN                             00000003
ADDR0                             00000000
ADDR1                             00000001
ADDR2                             00000002
ADDR3                             00000003
ADDR4                             00000004
ADDR5                             00000005
ADDR6                             00000006
ADEN                              00000003
ADFM                              00000007
ADIE                              00000006
ADIF                              00000006
ADIP                              00000006
ADON                              00000000
ADRES                             00000FC3
ADRESH                            00000FC4
ADRESL                            00000FC3
AN0                               00000000
AN1                               00000001
AN2                               00000002
AN3                               00000003
AN4                               00000005
BANKED                            00000001
BAUDCON                           00000FB8
BAUDCTL                           00000FB8
BCLIE                             00000003
BCLIF                             00000003
BCLIP                             00000003
BF                                00000000
BGST                              00000005
BOR                               00000000
BRG16                             00000003
BRGH                              00000002
BSR                               00000FE0
BSR_BYTE_ADD                      
MPASM 5.81                     MAIN_CODE.ASM   9-1-2018  18:43:56         PAGE  9


SYMBOL TABLE
  LABEL                             VALUE 

BSR_BYTE_ADD_WCARRY               
BTOEE                             00000004
BTOEF                             00000004
BTSEE                             00000007
BTSEF                             00000007
C                                 00000000
C1INV                             00000004
C1OUT                             00000006
C2INV                             00000005
C2OUT                             00000007
CCP1                              00000002
CCP1AS                            00000FB6
CCP1CON                           00000FBD
CCP1DEL                           00000FB7
CCP1IE                            00000002
CCP1IF                            00000002
CCP1IP                            00000002
CCP1M0                            00000000
CCP1M1                            00000001
CCP1M2                            00000002
CCP1M3                            00000003
CCP2CON                           00000FBA
CCP2IE                            00000000
CCP2IF                            00000000
CCP2IP                            00000000
CCP2M0                            00000000
CCP2M1                            00000001
CCP2M2                            00000002
CCP2M3                            00000003
CCPR1                             00000FBE
CCPR1H                            00000FBF
CCPR1L                            00000FBE
CCPR2                             00000FBB
CCPR2H                            00000FBC
CCPR2L                            00000FBB
CFGS                              00000006
CHS0                              00000002
CHS1                              00000003
CHS2                              00000004
CHS3                              00000005
CIS                               00000003
CK                                00000006
CK1SPP                            00000000
CK2SPP                            00000001
CKE                               00000006
CKP                               00000004
CLK1EN                            00000004
CLKCFG0                           00000006
CLKCFG1                           00000007
CM0                               00000000
CM1                               00000001
CM2                               00000002
CMCON                             00000FB4
MPASM 5.81                     MAIN_CODE.ASM   9-1-2018  18:43:56         PAGE 10


SYMBOL TABLE
  LABEL                             VALUE 

CMIE                              00000006
CMIF                              00000006
CMIP                              00000006
COUNTER                           00000002
COUNTER_PRECHARGE                 00000008
CRC16EE                           00000002
CRC16EF                           00000002
CRC5EE                            00000001
CRC5EF                            00000001
CREN                              00000004
CSEN                              00000005
CSRC                              00000007
CVR0                              00000000
CVR1                              00000001
CVR2                              00000002
CVR3                              00000003
CVRCON                            00000FB5
CVREF                             00000004
CVREN                             00000007
CVROE                             00000006
CVRR                              00000005
CVRSS                             00000004
D                                 00000005
DATA_ADDRESS                      00000005
DC                                00000001
DC1B0                             00000004
DC1B1                             00000005
DC2B0                             00000004
DC2B1                             00000005
DDRA                              TRISA
DDRB                              TRISB
DDRC                              TRISC
DDRD                              TRISD
DDRE                              TRISE
DELAY                             00000146
DELAY_LOOP_0                      0000014E
DELAY_R0                          00000000
DELAY_R0_PRECHARGE                00000000
DELAY_R1                          00000001
DELAY_R1_PRECHARGE                00000000
DFN8EE                            00000003
DFN8EF                            00000003
DIR                               00000002
DONE                              00000001
D_A                               00000005
D_NOT_A                           00000005
ECCP1AS                           00000FB6
ECCP1CON                          00000FBD
ECCP1DEL                          00000FB7
ECCPAS0                           00000004
ECCPAS1                           00000005
ECCPAS2                           00000006
ECCPASE                           00000007
MPASM 5.81                     MAIN_CODE.ASM   9-1-2018  18:43:56         PAGE 11


SYMBOL TABLE
  LABEL                             VALUE 

EEADR                             00000FA9
EECON1                            00000FA6
EECON2                            00000FA7
EEDATA                            00000FA8
EEIE                              00000004
EEIF                              00000004
EEIP                              00000004
EEPGD                             00000007
ENDP0                             00000003
ENDP1                             00000004
ENDP2                             00000005
ENDP3                             00000006
EPCONDIS                          00000003
EPHSHK                            00000004
EPINEN                            00000001
EPOUTEN                           00000002
EPSTALL                           00000000
ERROR_SYS                         00000000
FAST                              00000001
FERR                              00000002
FLTS                              00000002
FREE                              00000004
FRM0                              00000000
FRM1                              00000001
FRM10                             00000002
FRM2                              00000002
FRM3                              00000003
FRM4                              00000004
FRM5                              00000005
FRM6                              00000006
FRM7                              00000007
FRM8                              00000000
FRM9                              00000001
FSEN                              00000002
FSR0                              00000000
FSR0H                             00000FEA
FSR0L                             00000FE9
FSR1                              00000001
FSR1H                             00000FE2
FSR1L                             00000FE1
FSR2                              00000002
FSR2H                             00000FDA
FSR2L                             00000FD9
GCEN                              00000007
GIE                               00000007
GIEH                              00000007
GIEL                              00000006
GIE_GIEH                          00000007
GO                                00000001
GO_DONE                           00000001
GO_NOT_DONE                       00000001
HIGH_ISR                          00000000
HISR_OUT                          00000052
MPASM 5.81                     MAIN_CODE.ASM   9-1-2018  18:43:56         PAGE 12


SYMBOL TABLE
  LABEL                             VALUE 

HLVDCON                           00000FD2
HLVDEN                            00000004
HLVDIE                            00000002
HLVDIF                            00000002
HLVDIN                            00000005
HLVDIP                            00000002
HLVDL0                            00000000
HLVDL1                            00000001
HLVDL2                            00000002
HLVDL3                            00000003
I2C_DAT                           00000005
I2C_READ                          00000002
I2C_START                         00000003
I2C_STOP                          00000004
IDLEIE                            00000004
IDLEIF                            00000004
IDLEN                             00000007
INDF0                             00000FEF
INDF1                             00000FE7
INDF2                             00000FDF
INT0                              00000000
INT0E                             00000004
INT0F                             00000001
INT0IE                            00000004
INT0IF                            00000001
INT1                              00000001
INT1E                             00000003
INT1F                             00000000
INT1IE                            00000003
INT1IF                            00000000
INT1IP                            00000006
INT1P                             00000006
INT2                              00000002
INT2E                             00000004
INT2F                             00000001
INT2IE                            00000004
INT2IF                            00000001
INT2IP                            00000007
INT2P                             00000007
INTCON                            00000FF2
INTCON2                           00000FF1
INTCON3                           00000FF0
INTEDG0                           00000006
INTEDG1                           00000005
INTEDG2                           00000004
INTSRC                            00000007
IOFS                              00000002
IPEN                              00000007
IPR1                              00000F9F
IPR2                              00000FA2
IRCF0                             00000004
IRCF1                             00000005
IRCF2                             00000006
MPASM 5.81                     MAIN_CODE.ASM   9-1-2018  18:43:56         PAGE 13


SYMBOL TABLE
  LABEL                             VALUE 

IRVST                             00000005
IVRST                             00000005
LATA                              00000F89
LATA0                             00000000
LATA1                             00000001
LATA2                             00000002
LATA3                             00000003
LATA4                             00000004
LATA5                             00000005
LATA6                             00000006
LATB                              00000F8A
LATB0                             00000000
LATB1                             00000001
LATB2                             00000002
LATB3                             00000003
LATB4                             00000004
LATB5                             00000005
LATB6                             00000006
LATB7                             00000007
LATC                              00000F8B
LATC0                             00000000
LATC1                             00000001
LATC2                             00000002
LATC6                             00000006
LATC7                             00000007
LATD                              00000F8C
LATD0                             00000000
LATD1                             00000001
LATD2                             00000002
LATD3                             00000003
LATD4                             00000004
LATD5                             00000005
LATD6                             00000006
LATD7                             00000007
LATE                              00000F8D
LATE0                             00000000
LATE1                             00000001
LATE2                             00000002
LOOP                              00000126
LOW_ISR                           00000060
LVDCON                            00000FD2
LVDEN                             00000004
LVDIE                             00000002
LVDIF                             00000002
LVDIN                             00000005
LVDIP                             00000002
LVDL0                             00000000
LVDL1                             00000001
LVDL2                             00000002
LVDL3                             00000003
LVV0                              00000000
LVV1                              00000001
LVV2                              00000002
MPASM 5.81                     MAIN_CODE.ASM   9-1-2018  18:43:56         PAGE 14


SYMBOL TABLE
  LABEL                             VALUE 

LVV3                              00000003
N                                 00000004
NOT_A                             00000005
NOT_ADDRESS                       00000005
NOT_BOR                           00000000
NOT_DONE                          00000001
NOT_IPEN                          00000007
NOT_PD                            00000002
NOT_POR                           00000001
NOT_RBPU                          00000007
NOT_RI                            00000004
NOT_T1SYNC                        00000002
NOT_T3SYNC                        00000002
NOT_TO                            00000003
NOT_W                             00000002
NOT_WRITE                         00000002
OERR                              00000001
OESPP                             00000002
OSC2                              00000006
OSCCON                            00000FD3
OSCFIE                            00000007
OSCFIF                            00000007
OSCFIP                            00000007
OSCTUNE                           00000F9B
OSTS                              00000003
OV                                00000003
P                                 00000004
P1A                               00000002
P1M0                              00000006
P1M1                              00000007
PC                                00000FF9
PCFG0                             00000000
PCFG1                             00000001
PCFG2                             00000002
PCFG3                             00000003
PCL                               00000FF9
PCLATH                            00000FFA
PCLATU                            00000FFB
PD                                00000002
PDC0                              00000000
PDC1                              00000001
PDC2                              00000002
PDC3                              00000003
PDC4                              00000004
PDC5                              00000005
PDC6                              00000006
PEIE                              00000006
PEIE_GIEL                         00000006
PEN                               00000002
PGC                               00000006
PGD                               00000007
PGM                               00000005
PIDEE                             00000000
MPASM 5.81                     MAIN_CODE.ASM   9-1-2018  18:43:56         PAGE 15


SYMBOL TABLE
  LABEL                             VALUE 

PIDEF                             00000000
PIE1                              00000F9D
PIE2                              00000FA0
PIR1                              00000F9E
PIR2                              00000FA1
PKTDIS                            00000004
PLUSW0                            00000FEB
PLUSW1                            00000FE3
PLUSW2                            00000FDB
POR                               00000001
PORTA                             00000F80
PORTB                             00000F81
PORTB_LEFT_ROTATION               00000126
PORTB_RIGHT_ROTATION              0000013E
PORTC                             00000F82
PORTD                             00000F83
PORTD_LEFT_ROTATION               0000012E
PORTD_RIGHT_ROTATION              00000136
PORTE                             00000F84
POR_SYS                           00000000
POSTDEC0                          00000FED
POSTDEC1                          00000FE5
POSTDEC2                          00000FDD
POSTINC0                          00000FEE
POSTINC1                          00000FE6
POSTINC2                          00000FDE
PPB0                              00000000
PPB1                              00000001
PPBI                              00000001
PPBRST                            00000006
PR2                               00000FCB
PREINC0                           00000FEC
PREINC1                           00000FE4
PREINC2                           00000FDC
PROD                              00000FF3
PRODH                             00000FF4
PRODL                             00000FF3
PRSEN                             00000007
PSA                               00000003
PSSAC0                            00000002
PSSAC1                            00000003
PSSBD0                            00000000
PSSBD1                            00000001
R                                 00000002
RA0                               00000000
RA1                               00000001
RA2                               00000002
RA3                               00000003
RA4                               00000004
RA5                               00000005
RA6                               00000006
RB0                               00000000
RB1                               00000001
MPASM 5.81                     MAIN_CODE.ASM   9-1-2018  18:43:56         PAGE 16


SYMBOL TABLE
  LABEL                             VALUE 

RB2                               00000002
RB3                               00000003
RB4                               00000004
RB5                               00000005
RB6                               00000006
RB7                               00000007
RBIE                              00000003
RBIF                              00000000
RBIP                              00000000
RBPU                              00000007
RC0                               00000000
RC1                               00000001
RC2                               00000002
RC4                               00000004
RC5                               00000005
RC6                               00000006
RC7                               00000007
RCEN                              00000003
RCIDL                             00000006
RCIE                              00000005
RCIF                              00000005
RCIP                              00000005
RCMT                              00000006
RCON                              00000FD0
RCREG                             00000FAE
RCSTA                             00000FAB
RD                                00000000
RD0                               00000000
RD1                               00000001
RD16                              00000007
RD2                               00000002
RD3                               00000003
RD4                               00000004
RD5                               00000005
RD6                               00000006
RD7                               00000007
RDPU                              00000007
RDSPP                             00000007
RE0                               00000000
RE1                               00000001
RE2                               00000002
RE3                               00000003
READ_WRITE                        00000002
RESUME                            00000002
RI                                00000004
RSEN                              00000001
RX                                00000007
RX9                               00000006
RX9D                              00000000
RXDTP                             00000005
R_NOT_W                           00000002
R_W                               00000002
S                                 00000003
MPASM 5.81                     MAIN_CODE.ASM   9-1-2018  18:43:56         PAGE 17


SYMBOL TABLE
  LABEL                             VALUE 

SBOREN                            00000006
SCKP                              00000004
SCS0                              00000000
SCS1                              00000001
SE0                               00000005
SEN                               00000000
SENDB                             00000003
SMP                               00000007
SOFIE                             00000006
SOFIF                             00000006
SPBRG                             00000FAF
SPBRGH                            00000FB0
SPEN                              00000007
SPP0                              00000000
SPP1                              00000001
SPP2                              00000002
SPP3                              00000003
SPP4                              00000004
SPP5                              00000005
SPP6                              00000006
SPP7                              00000007
SPPBUSY                           00000004
SPPCFG                            00000F63
SPPCON                            00000F65
SPPDATA                           00000F62
SPPEN                             00000000
SPPEPS                            00000F64
SPPIE                             00000007
SPPIF                             00000007
SPPIP                             00000007
SPPOWN                            00000001
SREN                              00000005
SSPADD                            00000FC8
SSPBUF                            00000FC9
SSPCON1                           00000FC6
SSPCON2                           00000FC5
SSPEN                             00000005
SSPIE                             00000003
SSPIF                             00000003
SSPIP                             00000003
SSPM0                             00000000
SSPM1                             00000001
SSPM2                             00000002
SSPM3                             00000003
SSPOV                             00000006
SSPSTAT                           00000FC7
STALLIE                           00000005
STALLIF                           00000005
START                             00000064
STATUS                            00000FD8
STKFUL                            00000007
STKOVF                            00000007
STKPTR                            00000FFC
MPASM 5.81                     MAIN_CODE.ASM   9-1-2018  18:43:56         PAGE 18


SYMBOL TABLE
  LABEL                             VALUE 

STKPTR0                           00000000
STKPTR1                           00000001
STKPTR2                           00000002
STKPTR3                           00000003
STKPTR4                           00000004
STKUNF                            00000006
SUSPND                            00000001
SWDTE                             00000000
SWDTEN                            00000000
SYNC                              00000004
SYSTEM_INIT                       00000000
T08BIT                            00000006
T0CKI                             00000004
T0CON                             00000FD5
T0CS                              00000005
T0IE                              00000005
T0IF                              00000002
T0IP                              00000002
T0PS0                             00000000
T0PS1                             00000001
T0PS2                             00000002
T0SE                              00000004
T13CKI                            00000000
T1CKPS0                           00000004
T1CKPS1                           00000005
T1CON                             00000FCD
T1OSCEN                           00000003
T1OSI                             00000001
T1OSO                             00000000
T1RUN                             00000006
T1SYNC                            00000002
T2CKPS0                           00000000
T2CKPS1                           00000001
T2CON                             00000FCA
T2OUTPS0                          00000003
T2OUTPS1                          00000004
T2OUTPS2                          00000005
T2OUTPS3                          00000006
T3CCP1                            00000003
T3CCP2                            00000006
T3CKPS0                           00000004
T3CKPS1                           00000005
T3CON                             00000FB1
T3NSYNC                           00000002
T3SYNC                            00000002
TABLAT                            00000FF5
TBLPTR                            00000FF6
TBLPTRH                           00000FF7
TBLPTRL                           00000FF6
TBLPTRU                           00000FF8
TIMER0_INIT                       00000000
TIMER0_PRECHARGE                  00000000
TIMER0_START                      00000000
MPASM 5.81                     MAIN_CODE.ASM   9-1-2018  18:43:56         PAGE 19


SYMBOL TABLE
  LABEL                             VALUE 

TIMER0_STOP                       00000000
TIMER0_WR                         00000000
TMR0                              00000FD6
TMR0H                             00000FD7
TMR0IE                            00000005
TMR0IF                            00000002
TMR0IP                            00000002
TMR0L                             00000FD6
TMR0ON                            00000007
TMR0_ISR                          0000001A
TMR1                              00000FCE
TMR1CS                            00000001
TMR1H                             00000FCF
TMR1IE                            00000000
TMR1IF                            00000000
TMR1IP                            00000000
TMR1L                             00000FCE
TMR1ON                            00000000
TMR2                              00000FCC
TMR2IE                            00000001
TMR2IF                            00000001
TMR2IP                            00000001
TMR2ON                            00000002
TMR3                              00000FB2
TMR3CS                            00000001
TMR3H                             00000FB3
TMR3IE                            00000001
TMR3IF                            00000001
TMR3IP                            00000001
TMR3L                             00000FB2
TMR3ON                            00000000
TO                                00000003
TOS                               00000FFD
TOSH                              00000FFE
TOSL                              00000FFD
TOSU                              00000FFF
TOUTPS0                           00000003
TOUTPS1                           00000004
TOUTPS2                           00000005
TOUTPS3                           00000006
TRISA                             00000F92
TRISA0                            00000000
TRISA1                            00000001
TRISA2                            00000002
TRISA3                            00000003
TRISA4                            00000004
TRISA5                            00000005
TRISA6                            00000006
TRISB                             00000F93
TRISB0                            00000000
TRISB1                            00000001
TRISB2                            00000002
TRISB3                            00000003
MPASM 5.81                     MAIN_CODE.ASM   9-1-2018  18:43:56         PAGE 20


SYMBOL TABLE
  LABEL                             VALUE 

TRISB4                            00000004
TRISB5                            00000005
TRISB6                            00000006
TRISB7                            00000007
TRISC                             00000F94
TRISC0                            00000000
TRISC1                            00000001
TRISC2                            00000002
TRISC6                            00000006
TRISC7                            00000007
TRISD                             00000F95
TRISD0                            00000000
TRISD1                            00000001
TRISD2                            00000002
TRISD3                            00000003
TRISD4                            00000004
TRISD5                            00000005
TRISD6                            00000006
TRISD7                            00000007
TRISE                             00000F96
TRISE0                            00000000
TRISE1                            00000001
TRISE2                            00000002
TRMT                              00000001
TRNIE                             00000003
TRNIF                             00000003
TUN0                              00000000
TUN1                              00000001
TUN2                              00000002
TUN3                              00000003
TUN4                              00000004
TX                                00000006
TX9                               00000006
TX9D                              00000000
TXCKP                             00000004
TXEN                              00000005
TXIE                              00000004
TXIF                              00000004
TXIP                              00000004
TXREG                             00000FAD
TXSTA                             00000FAC
UA                                00000001
UADDR                             00000F6E
UART_BUFFER                       00000100
UART_BUFFER_ADDR                  00000100
UART_BUFFER_SIZE                  00000020
UART_COUNTER                      00000000
UART_INIT                         00000000
UART_MOV                          00000000
UART_PTRL                         00000000
UART_RX_ISR                       0000004C
UART_START                        00000000
UART_STOP                         00000000
MPASM 5.81                     MAIN_CODE.ASM   9-1-2018  18:43:56         PAGE 21


SYMBOL TABLE
  LABEL                             VALUE 

UART_TX_ISR                       00000038
UART_TX_ISR_                      00000046
UCFG                              00000F6F
UCON                              00000F6D
UEIE                              00000F6B
UEIR                              00000F6A
UEP0                              00000F70
UEP1                              00000F71
UEP10                             00000F7A
UEP11                             00000F7B
UEP12                             00000F7C
UEP13                             00000F7D
UEP14                             00000F7E
UEP15                             00000F7F
UEP2                              00000F72
UEP3                              00000F73
UEP4                              00000F74
UEP5                              00000F75
UEP6                              00000F76
UEP7                              00000F77
UEP8                              00000F78
UEP9                              00000F79
UERRIE                            00000001
UERRIF                            00000001
UFRM                              00000F66
UFRMH                             00000F67
UFRML                             00000F66
UIE                               00000F69
UIR                               00000F68
UOEMON                            00000006
UPUEN                             00000004
URSTIE                            00000000
URSTIF                            00000000
USBEN                             00000003
USBIE                             00000005
USBIF                             00000005
USBIP                             00000005
USTAT                             00000F6C
UTEYE                             00000007
UTRDIS                            00000003
VCFG0                             00000004
VCFG1                             00000005
VDIRMAG                           00000007
VREFM                             00000002
VREFP                             00000003
W                                 00000000
WCOL                              00000007
WDTCON                            00000FD1
WR                                00000001
WREG                              00000FE8
WREN                              00000002
WRERR                             00000003
WRSPP                             00000006
MPASM 5.81                     MAIN_CODE.ASM   9-1-2018  18:43:56         PAGE 22


SYMBOL TABLE
  LABEL                             VALUE 

WS0                               00000000
WS1                               00000001
WS2                               00000002
WS3                               00000003
WUE                               00000001
Z                                 00000002
_BORV_0_2L                        000000E7
_BORV_1_2L                        000000EF
_BORV_2_2L                        000000F7
_BORV_3_2L                        000000FF
_BOR_OFF_2L                       000000F9
_BOR_ON_2L                        000000FF
_BOR_ON_ACTIVE_2L                 000000FD
_BOR_SOFT_2L                      000000FB
_CCP2MX_OFF_3H                    000000FE
_CCP2MX_ON_3H                     000000FF
_CONFIG1H                         00300001
_CONFIG1L                         00300000
_CONFIG2H                         00300003
_CONFIG2L                         00300002
_CONFIG3H                         00300005
_CONFIG4L                         00300006
_CONFIG5H                         00300009
_CONFIG5L                         00300008
_CONFIG6H                         0030000B
_CONFIG6L                         0030000A
_CONFIG7H                         0030000D
_CONFIG7L                         0030000C
_CP0_OFF_5L                       000000FF
_CP0_ON_5L                        000000FE
_CP1_OFF_5L                       000000FF
_CP1_ON_5L                        000000FD
_CP2_OFF_5L                       000000FF
_CP2_ON_5L                        000000FB
_CP3_OFF_5L                       000000FF
_CP3_ON_5L                        000000F7
_CPB_OFF_5H                       000000FF
_CPB_ON_5H                        000000BF
_CPD_OFF_5H                       000000FF
_CPD_ON_5H                        0000007F
_CPUDIV_OSC1_PLL2_1L              000000E7
_CPUDIV_OSC2_PLL3_1L              000000EF
_CPUDIV_OSC3_PLL4_1L              000000F7
_CPUDIV_OSC4_PLL6_1L              000000FF
_DEBUG_OFF_4L                     000000FF
_DEBUG_ON_4L                      0000007F
_DEVID1                           003FFFFE
_DEVID2                           003FFFFF
_EBTR0_OFF_7L                     000000FF
_EBTR0_ON_7L                      000000FE
_EBTR1_OFF_7L                     000000FF
_EBTR1_ON_7L                      000000FD
_EBTR2_OFF_7L                     000000FF
MPASM 5.81                     MAIN_CODE.ASM   9-1-2018  18:43:56         PAGE 23


SYMBOL TABLE
  LABEL                             VALUE 

_EBTR2_ON_7L                      000000FB
_EBTR3_OFF_7L                     000000FF
_EBTR3_ON_7L                      000000F7
_EBTRB_OFF_7H                     000000FF
_EBTRB_ON_7H                      000000BF
_FCMEN_OFF_1H                     000000BF
_FCMEN_ON_1H                      000000FF
_FOSC_ECIO_EC_1H                  000000F4
_FOSC_ECPLLIO_EC_1H               000000F6
_FOSC_ECPLL_EC_1H                 000000F7
_FOSC_EC_EC_1H                    000000F5
_FOSC_HSPLL_HS_1H                 000000FE
_FOSC_HS_1H                       000000FC
_FOSC_INTOSCIO_EC_1H              000000F8
_FOSC_INTOSC_EC_1H                000000F9
_FOSC_INTOSC_HS_1H                000000FB
_FOSC_INTOSC_XT_1H                000000FA
_FOSC_XTPLL_XT_1H                 000000F2
_FOSC_XT_XT_1H                    000000F0
_ICPRT_OFF_4L                     000000DF
_ICPRT_ON_4L                      000000FF
_IDLOC0                           00200000
_IDLOC1                           00200001
_IDLOC2                           00200002
_IDLOC3                           00200003
_IDLOC4                           00200004
_IDLOC5                           00200005
_IDLOC6                           00200006
_IDLOC7                           00200007
_IESO_OFF_1H                      0000007F
_IESO_ON_1H                       000000FF
_LPT1OSC_OFF_3H                   000000FB
_LPT1OSC_ON_3H                    000000FF
_LVP_OFF_4L                       000000FB
_LVP_ON_4L                        000000FF
_MCLRE_OFF_3H                     0000007F
_MCLRE_ON_3H                      000000FF
_PBADEN_OFF_3H                    000000FD
_PBADEN_ON_3H                     000000FF
_PLLDIV_10_1L                     000000FE
_PLLDIV_12_1L                     000000FF
_PLLDIV_1_1L                      000000F8
_PLLDIV_2_1L                      000000F9
_PLLDIV_3_1L                      000000FA
_PLLDIV_4_1L                      000000FB
_PLLDIV_5_1L                      000000FC
_PLLDIV_6_1L                      000000FD
_PWRT_OFF_2L                      000000FF
_PWRT_ON_2L                       000000FE
_STVREN_OFF_4L                    000000FE
_STVREN_ON_4L                     000000FF
_USBDIV_1_1L                      000000DF
_USBDIV_2_1L                      000000FF
MPASM 5.81                     MAIN_CODE.ASM   9-1-2018  18:43:56         PAGE 24


SYMBOL TABLE
  LABEL                             VALUE 

_VREGEN_OFF_2L                    000000DF
_VREGEN_ON_2L                     000000FF
_WDTPS_1024_2H                    000000F5
_WDTPS_128_2H                     000000EF
_WDTPS_16384_2H                   000000FD
_WDTPS_16_2H                      000000E9
_WDTPS_1_2H                       000000E1
_WDTPS_2048_2H                    000000F7
_WDTPS_256_2H                     000000F1
_WDTPS_2_2H                       000000E3
_WDTPS_32768_2H                   000000FF
_WDTPS_32_2H                      000000EB
_WDTPS_4096_2H                    000000F9
_WDTPS_4_2H                       000000E5
_WDTPS_512_2H                     000000F3
_WDTPS_64_2H                      000000ED
_WDTPS_8192_2H                    000000FB
_WDTPS_8_2H                       000000E7
_WDT_OFF_2H                       000000FE
_WDT_ON_2H                        000000FF
_WRT0_OFF_6L                      000000FF
_WRT0_ON_6L                       000000FE
_WRT1_OFF_6L                      000000FF
_WRT1_ON_6L                       000000FD
_WRT2_OFF_6L                      000000FF
_WRT2_ON_6L                       000000FB
_WRT3_OFF_6L                      000000FF
_WRT3_ON_6L                       000000F7
_WRTB_OFF_6H                      000000FF
_WRTB_ON_6H                       000000BF
_WRTC_OFF_6H                      000000FF
_WRTC_ON_6H                       000000DF
_WRTD_OFF_6H                      000000FF
_WRTD_ON_6H                       0000007F
_XINST_OFF_4L                     000000BF
_XINST_ON_4L                      000000FF
__18F4550                         00000001

Errors   :     0
Warnings :     0 reported,     0 suppressed
Messages :     0 reported,     0 suppressed

