MPASM 5.81                          UART.ASM   9-2-2018  9:35:35         PAGE  1


LOC  OBJECT CODE     LINE SOURCE TEXT
  VALUE

                      00001 #include "p18f4550.inc"
                      00001         LIST
                      00002 
                      00003 ;==========================================================================
                      00004 ; Build date : Jul 23 2018
                      00005 ;  MPASM PIC18F4550 processor include
                      00006 ; 
                      00007 ;  (c) Copyright 1999-2018 Microchip Technology, All rights reserved
                      00008 ;==========================================================================
                      00009 
                      01765         LIST
                      00002 ; ; ;
                      00003 ;   TRANSMIT STATUS AND CONTROL REG
                      00004 ;       CSRC    - ASYNC MODE. NO CLOCK SOURCE
                      00005 ;       TX9     - SELECT 8 BIT TX
                      00006 ;       TXEN    - TRANSMIT EN
                      00007 ;       SYNC    - ASYNC
                      00008 ;       SENDB   - SYNC BREAK TRANSMIMSSION COMPLETED
                      00009 ;       BRGH    - HIGH SPEED
                      00010 ;       TRMT    - TSR FULL
                      00011 ;       TX9D    - 
                      00012 ; ; ;
  00000024            00013 UART_TXSTA      EQU     b'00100100'
                      00014 ; ; ;
                      00015 ;   RCSTA RECEIVE STATUS AND CONTROL REG
                      00016 ;       SPEN    - SERIAL PORT EN
                      00017 ;       RX9     - 8 BIT MODE
                      00018 ;       SREN    - ASYNC
                      00019 ;       CREN    - EN RX
                      00020 ;       ADDEN   - ASYNC
                      00021 ;       FERR    - NO FARMING ERROR
                      00022 ;       OERR    - NO OVERRUN ERROR
                      00023 ;       RX9D    - NULL
                      00024 ; ; ;
  00000090            00025 UART_RCSTA      EQU     b'10010000'
                      00026 ; ; ;
                      00027 ;   BAUDCON BAUD RATE CONTROL REG
                      00028 ;       ABDOVF  - NOT USED
                      00029 ;       RCIDL   - RECEIVE OPERATION IS IDLE
                      00030 ;       RXDTP   - RX IS NOT INVERTED
                      00031 ;       TXCKP   - TX IS NOT INVERTED
                      00032 ;       BRG16   - 8 BIT BAUDRATE GEN
                      00033 ;       NULL
                      00034 ;       WUE     - WAKE-UP EUSART RX INTERRUPT FALLING EDGE
                      00035 ;       ABDEN   - BAUD RATE MEASUREMENT DISABLED
                      00036 ; ; ;
  00000042            00037 UART_BAUDCON    EQU     b'01000010'
                      00038 ; ; ;
                      00039 ;   SPBRG   BAUD RATE GENERATOR REGISTER WORD
                      00040 ;       SYNC    = 0
                      00041 ;       BRG16   = 0
                      00042 ;       BRGH    = 1
                      00043 ;       BAUDRATE = FOSC / ( 16 ( N+1 ) )
MPASM 5.81                          UART.ASM   9-2-2018  9:35:35         PAGE  2


LOC  OBJECT CODE     LINE SOURCE TEXT
  VALUE

                      00044 ;           N IS SPBRG VALUE
                      00045 ;       1 = ( BAUD )( 16N+16 ) /( FOSC )
                      00046 ;       ( FOSC / ( 16( BAUD ) ) ) - 1 = N
                      00047 ; ; ;
  02DC6C00            00048 UART_FOSC       EQU     .48000000;Hz
  0001C200            00049 UART_BAUD       EQU     .115200;Baud
  00000019            00050 UART_SPBRG      EQU     ((UART_FOSC/(.16*UART_BAUD))-1) & 0xFF ;.25
  00000000            00051 UART_RETURN_REG EQU     0x00
                      00052 
                      00053 ;   LET THE LINKER ALLOCATE DATA
                      00054 UART_PTR        UDATA
000000                00055 UART_TX                 res     2
000002                00056 UART_RX                 res     2
000004                00057 UART_TX_COUNTER         res     1
000005                00058 UART_TX_STATUS          res     1
000006                00059 UART_RX_COUNTER         res     1
000007                00060 UART_RX_STATUS          res     1
                      00061                 
                      00062 
                      00063 UART_CONFIG CODE
                      00064     ; ;
                      00065     ;   Variables globales
                      00066     ; ;
  0000                00067     GLOBAL UART_TX_COUNTER
  0000                00068     GLOBAL UART_TX_STATUS
  0000                00069     GLOBAL UART_TX
  0000                00070     GLOBAL UART_RX_COUNTER
  0000                00071     GLOBAL UART_RX_STATUS
  0000                00072     GLOBAL UART_RX
                      00073     ; ;
                      00074     ;   Funciones globales
                      00075     ; ;
  0000                00076     GLOBAL UART_INIT
  0000                00077     GLOBAL UART_START
  0000                00078     GLOBAL UART_STOP
  0000                00079     GLOBAL UART_TRANSMIT
  0000                00080     GLOBAL UART_CANCEL_TRANSMIT
  0000                00081     GLOBAL UART_RECEIVE
  0000                00082     GLOBAL UART_CANCEL_RECEIVE
000000                00083 UART_INIT:
                      00084     ;   ;
                      00085     ;   CONFIGURAR REGISTROS LOCALES
                      00086     ;   ;
000000 010?           00087     BANKSEL UART_TX
                      00088     ; COUNTER = STATUS = 0x00
000002 6B00           00089     CLRF    UART_TX_COUNTER,1
000004 6B00           00090     CLRF    UART_RX_COUNTER,1
000006 6B00           00091     CLRF    UART_TX_STATUS,1
000008 6B00           00092     CLRF    UART_RX_STATUS,1
                      00093     ; PTR = NULL
00000A 6B00           00094     CLRF    UART_TX,1
00000C 6B00           00095     CLRF    UART_TX+.1,1
00000E 6B00           00096     CLRF    UART_RX,1
MPASM 5.81                          UART.ASM   9-2-2018  9:35:35         PAGE  3


LOC  OBJECT CODE     LINE SOURCE TEXT
  VALUE

000010 6B00           00097     CLRF    UART_RX+.1,1
                      00098     ;   ;
                      00099     ;   DESACTIVAR LAS INTERRUPCIONES UART
                      00100     ;   ;
000012 9A9D           00101     BCF     PIE1,RCIE,0
000014 989D           00102     BCF     PIE1,TXIE,0
                      00103     ;   ;
                      00104     ;   LIMPIAR LAS INTERRUPCIONES PENDIENTES
                      00105     ;   ;
000016 9A9E           00106     BCF     PIR1,RCIF,0
000018 989E           00107     BCF     PIR1,TXIF,0
                      00108     ; ;
                      00109     ;   CONFIGURAR PINES UART
                      00110     ; ;
00001A 9E82           00111     BCF     PORTC,RC7,0
00001C 9C82           00112     BCF     PORTC,RC6,0
00001E 9E8B           00113     BCF     LATC,RC7,0
000020 9C8B           00114     BCF     LATC,RC6,0
000022 8E94           00115     BSF     TRISC,RC7,0
000024 8C94           00116     BSF     TRISC,RC6,0
                      00117     ; ;
                      00118     ;   CARGAR LAS CONFIGURACIONES EN LOS REGISTROS
                      00119     ; ;
000026 0E24           00120     MOVLW   UART_TXSTA
000028 6EAC           00121     MOVWF   TXSTA,0
00002A 0E90           00122     MOVLW   UART_RCSTA
00002C 6EAB           00123     MOVWF   RCSTA,0
00002E 0E42           00124     MOVLW   UART_BAUDCON
000030 6EB8           00125     MOVWF   BAUDCON,0
000032 0E19           00126     MOVLW   (UART_SPBRG&0xFF)
000034 6EAF           00127     MOVWF   SPBRG,0
                      00128     ;   ;
                      00129     ;   CONFIGURAR LAS INTERRUPCIONES UART
                      00130     ;   ;
000036 8A9F           00131     BSF     IPR1,RCIP,0 ;   RX INT AS HIGH LEVEL INT
000038 889F           00132     BSF     IPR1,TXIP,0 ;   TX INT AS HIGH LEVEL INT
00003A 8EAB           00133     BSF     RCSTA,SPEN,0;   ACTIVAR EL PUERTO SERIAL
00003C 0012           00134     RETURN
00003E                00135 UART_START:
00003E 8EAB           00136     BSF     RCSTA,SPEN,0    ;   ACTIVAR EL PUERTO SERIAL
000040 0012           00137     RETURN
000042                00138 UART_STOP:
000042 9EAB           00139     BCF     RCSTA,SPEN,0    ;   DESACTIVAR EL PUERTO SERIAL
000044 0012           00140     RETURN
                      00141 ;   ;   ;   ;   ;   ;   ;   ;   ;   ;   ;   ;   ;   ;
                      00142 ;   TRANSMITIR EL PAQUETE DEFINIDO
                      00143 ;   ;   ;   ;   ;   ;   ;   ;   ;   ;   ;   ;   ;   ;
000046                00144 UART_TRANSMIT:
000046 010?           00145     BANKSEL UART_TX
                      00146     ;   VERIFICAR SI TX PENDIENTE
000048 B100           00147     BTFSC   UART_TX_STATUS,0,1
00004A D???           00148     BRA     UART_TRANSMIT_FAIL; ERROR! TRANSMISION PENDIENTE
                      00149     ;   CARGAR EL NUEVO PUNTERO AL REGISTRO
MPASM 5.81                          UART.ASM   9-2-2018  9:35:35         PAGE  4


LOC  OBJECT CODE     LINE SOURCE TEXT
  VALUE

00004C 5000           00150     MOVF    0x00,W,0
00004E 6F00           00151     MOVWF   UART_TX,1
000050 5001           00152     MOVF    0x01,W,0
000052 6F00           00153     MOVWF   UART_TX+.1,1
                      00154     ;   CARGAR EL CONTADOR AL REGISTRO
000054 5002           00155     MOVF    0x02,0
000056 6F00           00156     MOVWF   UART_TX_COUNTER,1
000058 6A00           00157     CLRF    0x00,0
                      00158     ;   MARCAR EL INICIO DE UNA NUEVA TRANSMISION
00005A 8100           00159     BSF     UART_TX_STATUS,0,1
                      00160     ;   TRANSMITIR
00005C 889D           00161     BSF     PIE1,TXIE,0
00005E 6A00           00162     CLRF    0x00,0
000060 0012           00163     RETURN
000062                00164 UART_TRANSMIT_FAIL:
000062 5100           00165     MOVF   UART_TX_STATUS,W,1
000064 6E00           00166     MOVWF   0x00,0
000066 0012           00167     RETURN
000068                00168 UART_CANCEL_TRANSMIT:
000068 989D           00169     BCF     PIE1,TXIE,0 ;   DESACTIVAR LAS INTERRUPCIONES TX
00006A 010?           00170     BANKSEL UART_TX
00006C 0E02           00171     MOVLW   0x02
00006E 6F00           00172     MOVWF   UART_TX_STATUS,1;   MARCAR COMO CANCELADO
000070 6E00           00173     MOVWF   0x00,0
000072 0012           00174     RETURN
000074                00175 UART_RECEIVE:
000074 010?           00176     BANKSEL UART_TX
                      00177     ;   VERIFICAR SI NO HAY RECEPCIONES PENDIENTES
000076 B100           00178     BTFSC   UART_RX_STATUS,0,1
000078 D???           00179     BRA     UART_RECEIVE_FAIL;  ERROR! RX PENDIENTE
                      00180     ;   CARGAR APUNTADOR Y CONTADOR A REGISTRO
00007A 5000           00181     MOVF    0x00,W,0
00007C 6F00           00182     MOVWF   UART_RX,1
00007E 5001           00183     MOVF    0x01,W,0
000080 6F00           00184     MOVWF   UART_RX+.1,1
000082 5002           00185     MOVF    0x02,W,0
000084 6F00           00186     MOVWF   UART_RX_COUNTER,1
                      00187     ;   MARCAR NUEVA RECEPCION
000086 8100           00188     BSF     UART_RX_STATUS,0,1
                      00189     ;   COMENZAR RECEPCION
000088 8A9D           00190     BSF     PIE1,RCIE,0
00008A 6A00           00191     CLRF    0x00,0
00008C 0012           00192     RETURN
00008E                00193 UART_RECEIVE_FAIL:
00008E 5100           00194     MOVF    UART_RX_STATUS,W,1
000090 6E00           00195     MOVWF   0x00,0
000092 0012           00196     RETURN
000094                00197 UART_CANCEL_RECEIVE:
000094 9A9D           00198     BCF     PIE1,RCIE,0 ;   DESACTIVAR LAS INTERRUPCIONES TX
000096 010?           00199     BANKSEL UART_TX
000098 0E02           00200     MOVLW   0x02
00009A 6F00           00201     MOVWF   UART_RX_STATUS,1;   MARCAR COMO CANCELADO
00009C 6E00           00202     MOVWF   0x00,0
MPASM 5.81                          UART.ASM   9-2-2018  9:35:35         PAGE  5


LOC  OBJECT CODE     LINE SOURCE TEXT
  VALUE

00009E 0012           00203     RETURN
                      00204     END
MPASM 5.81                          UART.ASM   9-2-2018  9:35:35         PAGE  6


SYMBOL TABLE
  LABEL                             VALUE 

A                                 00000000
ABDEN                             00000000
ABDOVF                            00000007
ACCESS                            00000000
ACKDT                             00000005
ACKEN                             00000004
ACKSTAT                           00000006
ACQT0                             00000003
ACQT1                             00000004
ACQT2                             00000005
ACTVIE                            00000002
ACTVIF                            00000002
ADCON0                            00000FC2
ADCON1                            00000FC1
ADCON2                            00000FC0
ADCS0                             00000000
ADCS1                             00000001
ADCS2                             00000002
ADDEN                             00000003
ADDR0                             00000000
ADDR1                             00000001
ADDR2                             00000002
ADDR3                             00000003
ADDR4                             00000004
ADDR5                             00000005
ADDR6                             00000006
ADEN                              00000003
ADFM                              00000007
ADIE                              00000006
ADIF                              00000006
ADIP                              00000006
ADON                              00000000
ADRES                             00000FC3
ADRESH                            00000FC4
ADRESL                            00000FC3
AN0                               00000000
AN1                               00000001
AN2                               00000002
AN3                               00000003
AN4                               00000005
BANKED                            00000001
BAUDCON                           00000FB8
BAUDCTL                           00000FB8
BCLIE                             00000003
BCLIF                             00000003
BCLIP                             00000003
BF                                00000000
BGST                              00000005
BOR                               00000000
BRG16                             00000003
BRGH                              00000002
BSR                               00000FE0
BTOEE                             00000004
MPASM 5.81                          UART.ASM   9-2-2018  9:35:35         PAGE  7


SYMBOL TABLE
  LABEL                             VALUE 

BTOEF                             00000004
BTSEE                             00000007
BTSEF                             00000007
C                                 00000000
C1INV                             00000004
C1OUT                             00000006
C2INV                             00000005
C2OUT                             00000007
CCP1                              00000002
CCP1AS                            00000FB6
CCP1CON                           00000FBD
CCP1DEL                           00000FB7
CCP1IE                            00000002
CCP1IF                            00000002
CCP1IP                            00000002
CCP1M0                            00000000
CCP1M1                            00000001
CCP1M2                            00000002
CCP1M3                            00000003
CCP2CON                           00000FBA
CCP2IE                            00000000
CCP2IF                            00000000
CCP2IP                            00000000
CCP2M0                            00000000
CCP2M1                            00000001
CCP2M2                            00000002
CCP2M3                            00000003
CCPR1                             00000FBE
CCPR1H                            00000FBF
CCPR1L                            00000FBE
CCPR2                             00000FBB
CCPR2H                            00000FBC
CCPR2L                            00000FBB
CFGS                              00000006
CHS0                              00000002
CHS1                              00000003
CHS2                              00000004
CHS3                              00000005
CIS                               00000003
CK                                00000006
CK1SPP                            00000000
CK2SPP                            00000001
CKE                               00000006
CKP                               00000004
CLK1EN                            00000004
CLKCFG0                           00000006
CLKCFG1                           00000007
CM0                               00000000
CM1                               00000001
CM2                               00000002
CMCON                             00000FB4
CMIE                              00000006
CMIF                              00000006
MPASM 5.81                          UART.ASM   9-2-2018  9:35:35         PAGE  8


SYMBOL TABLE
  LABEL                             VALUE 

CMIP                              00000006
CRC16EE                           00000002
CRC16EF                           00000002
CRC5EE                            00000001
CRC5EF                            00000001
CREN                              00000004
CSEN                              00000005
CSRC                              00000007
CVR0                              00000000
CVR1                              00000001
CVR2                              00000002
CVR3                              00000003
CVRCON                            00000FB5
CVREF                             00000004
CVREN                             00000007
CVROE                             00000006
CVRR                              00000005
CVRSS                             00000004
D                                 00000005
DATA_ADDRESS                      00000005
DC                                00000001
DC1B0                             00000004
DC1B1                             00000005
DC2B0                             00000004
DC2B1                             00000005
DDRA                              TRISA
DDRB                              TRISB
DDRC                              TRISC
DDRD                              TRISD
DDRE                              TRISE
DFN8EE                            00000003
DFN8EF                            00000003
DIR                               00000002
DONE                              00000001
D_A                               00000005
D_NOT_A                           00000005
ECCP1AS                           00000FB6
ECCP1CON                          00000FBD
ECCP1DEL                          00000FB7
ECCPAS0                           00000004
ECCPAS1                           00000005
ECCPAS2                           00000006
ECCPASE                           00000007
EEADR                             00000FA9
EECON1                            00000FA6
EECON2                            00000FA7
EEDATA                            00000FA8
EEIE                              00000004
EEIF                              00000004
EEIP                              00000004
EEPGD                             00000007
ENDP0                             00000003
ENDP1                             00000004
MPASM 5.81                          UART.ASM   9-2-2018  9:35:35         PAGE  9


SYMBOL TABLE
  LABEL                             VALUE 

ENDP2                             00000005
ENDP3                             00000006
EPCONDIS                          00000003
EPHSHK                            00000004
EPINEN                            00000001
EPOUTEN                           00000002
EPSTALL                           00000000
FAST                              00000001
FERR                              00000002
FLTS                              00000002
FREE                              00000004
FRM0                              00000000
FRM1                              00000001
FRM10                             00000002
FRM2                              00000002
FRM3                              00000003
FRM4                              00000004
FRM5                              00000005
FRM6                              00000006
FRM7                              00000007
FRM8                              00000000
FRM9                              00000001
FSEN                              00000002
FSR0                              00000000
FSR0H                             00000FEA
FSR0L                             00000FE9
FSR1                              00000001
FSR1H                             00000FE2
FSR1L                             00000FE1
FSR2                              00000002
FSR2H                             00000FDA
FSR2L                             00000FD9
GCEN                              00000007
GIE                               00000007
GIEH                              00000007
GIEL                              00000006
GIE_GIEH                          00000007
GO                                00000001
GO_DONE                           00000001
GO_NOT_DONE                       00000001
HLVDCON                           00000FD2
HLVDEN                            00000004
HLVDIE                            00000002
HLVDIF                            00000002
HLVDIN                            00000005
HLVDIP                            00000002
HLVDL0                            00000000
HLVDL1                            00000001
HLVDL2                            00000002
HLVDL3                            00000003
I2C_DAT                           00000005
I2C_READ                          00000002
I2C_START                         00000003
MPASM 5.81                          UART.ASM   9-2-2018  9:35:35         PAGE 10


SYMBOL TABLE
  LABEL                             VALUE 

I2C_STOP                          00000004
IDLEIE                            00000004
IDLEIF                            00000004
IDLEN                             00000007
INDF0                             00000FEF
INDF1                             00000FE7
INDF2                             00000FDF
INT0                              00000000
INT0E                             00000004
INT0F                             00000001
INT0IE                            00000004
INT0IF                            00000001
INT1                              00000001
INT1E                             00000003
INT1F                             00000000
INT1IE                            00000003
INT1IF                            00000000
INT1IP                            00000006
INT1P                             00000006
INT2                              00000002
INT2E                             00000004
INT2F                             00000001
INT2IE                            00000004
INT2IF                            00000001
INT2IP                            00000007
INT2P                             00000007
INTCON                            00000FF2
INTCON2                           00000FF1
INTCON3                           00000FF0
INTEDG0                           00000006
INTEDG1                           00000005
INTEDG2                           00000004
INTSRC                            00000007
IOFS                              00000002
IPEN                              00000007
IPR1                              00000F9F
IPR2                              00000FA2
IRCF0                             00000004
IRCF1                             00000005
IRCF2                             00000006
IRVST                             00000005
IVRST                             00000005
LATA                              00000F89
LATA0                             00000000
LATA1                             00000001
LATA2                             00000002
LATA3                             00000003
LATA4                             00000004
LATA5                             00000005
LATA6                             00000006
LATB                              00000F8A
LATB0                             00000000
LATB1                             00000001
MPASM 5.81                          UART.ASM   9-2-2018  9:35:35         PAGE 11


SYMBOL TABLE
  LABEL                             VALUE 

LATB2                             00000002
LATB3                             00000003
LATB4                             00000004
LATB5                             00000005
LATB6                             00000006
LATB7                             00000007
LATC                              00000F8B
LATC0                             00000000
LATC1                             00000001
LATC2                             00000002
LATC6                             00000006
LATC7                             00000007
LATD                              00000F8C
LATD0                             00000000
LATD1                             00000001
LATD2                             00000002
LATD3                             00000003
LATD4                             00000004
LATD5                             00000005
LATD6                             00000006
LATD7                             00000007
LATE                              00000F8D
LATE0                             00000000
LATE1                             00000001
LATE2                             00000002
LVDCON                            00000FD2
LVDEN                             00000004
LVDIE                             00000002
LVDIF                             00000002
LVDIN                             00000005
LVDIP                             00000002
LVDL0                             00000000
LVDL1                             00000001
LVDL2                             00000002
LVDL3                             00000003
LVV0                              00000000
LVV1                              00000001
LVV2                              00000002
LVV3                              00000003
N                                 00000004
NOT_A                             00000005
NOT_ADDRESS                       00000005
NOT_BOR                           00000000
NOT_DONE                          00000001
NOT_IPEN                          00000007
NOT_PD                            00000002
NOT_POR                           00000001
NOT_RBPU                          00000007
NOT_RI                            00000004
NOT_T1SYNC                        00000002
NOT_T3SYNC                        00000002
NOT_TO                            00000003
NOT_W                             00000002
MPASM 5.81                          UART.ASM   9-2-2018  9:35:35         PAGE 12


SYMBOL TABLE
  LABEL                             VALUE 

NOT_WRITE                         00000002
OERR                              00000001
OESPP                             00000002
OSC2                              00000006
OSCCON                            00000FD3
OSCFIE                            00000007
OSCFIF                            00000007
OSCFIP                            00000007
OSCTUNE                           00000F9B
OSTS                              00000003
OV                                00000003
P                                 00000004
P1A                               00000002
P1M0                              00000006
P1M1                              00000007
PC                                00000FF9
PCFG0                             00000000
PCFG1                             00000001
PCFG2                             00000002
PCFG3                             00000003
PCL                               00000FF9
PCLATH                            00000FFA
PCLATU                            00000FFB
PD                                00000002
PDC0                              00000000
PDC1                              00000001
PDC2                              00000002
PDC3                              00000003
PDC4                              00000004
PDC5                              00000005
PDC6                              00000006
PEIE                              00000006
PEIE_GIEL                         00000006
PEN                               00000002
PGC                               00000006
PGD                               00000007
PGM                               00000005
PIDEE                             00000000
PIDEF                             00000000
PIE1                              00000F9D
PIE2                              00000FA0
PIR1                              00000F9E
PIR2                              00000FA1
PKTDIS                            00000004
PLUSW0                            00000FEB
PLUSW1                            00000FE3
PLUSW2                            00000FDB
POR                               00000001
PORTA                             00000F80
PORTB                             00000F81
PORTC                             00000F82
PORTD                             00000F83
PORTE                             00000F84
MPASM 5.81                          UART.ASM   9-2-2018  9:35:35         PAGE 13


SYMBOL TABLE
  LABEL                             VALUE 

POSTDEC0                          00000FED
POSTDEC1                          00000FE5
POSTDEC2                          00000FDD
POSTINC0                          00000FEE
POSTINC1                          00000FE6
POSTINC2                          00000FDE
PPB0                              00000000
PPB1                              00000001
PPBI                              00000001
PPBRST                            00000006
PR2                               00000FCB
PREINC0                           00000FEC
PREINC1                           00000FE4
PREINC2                           00000FDC
PROD                              00000FF3
PRODH                             00000FF4
PRODL                             00000FF3
PRSEN                             00000007
PSA                               00000003
PSSAC0                            00000002
PSSAC1                            00000003
PSSBD0                            00000000
PSSBD1                            00000001
R                                 00000002
RA0                               00000000
RA1                               00000001
RA2                               00000002
RA3                               00000003
RA4                               00000004
RA5                               00000005
RA6                               00000006
RB0                               00000000
RB1                               00000001
RB2                               00000002
RB3                               00000003
RB4                               00000004
RB5                               00000005
RB6                               00000006
RB7                               00000007
RBIE                              00000003
RBIF                              00000000
RBIP                              00000000
RBPU                              00000007
RC0                               00000000
RC1                               00000001
RC2                               00000002
RC4                               00000004
RC5                               00000005
RC6                               00000006
RC7                               00000007
RCEN                              00000003
RCIDL                             00000006
RCIE                              00000005
MPASM 5.81                          UART.ASM   9-2-2018  9:35:35         PAGE 14


SYMBOL TABLE
  LABEL                             VALUE 

RCIF                              00000005
RCIP                              00000005
RCMT                              00000006
RCON                              00000FD0
RCREG                             00000FAE
RCSTA                             00000FAB
RD                                00000000
RD0                               00000000
RD1                               00000001
RD16                              00000007
RD2                               00000002
RD3                               00000003
RD4                               00000004
RD5                               00000005
RD6                               00000006
RD7                               00000007
RDPU                              00000007
RDSPP                             00000007
RE0                               00000000
RE1                               00000001
RE2                               00000002
RE3                               00000003
READ_WRITE                        00000002
RESUME                            00000002
RI                                00000004
RSEN                              00000001
RX                                00000007
RX9                               00000006
RX9D                              00000000
RXDTP                             00000005
R_NOT_W                           00000002
R_W                               00000002
S                                 00000003
SBOREN                            00000006
SCKP                              00000004
SCS0                              00000000
SCS1                              00000001
SE0                               00000005
SEN                               00000000
SENDB                             00000003
SMP                               00000007
SOFIE                             00000006
SOFIF                             00000006
SPBRG                             00000FAF
SPBRGH                            00000FB0
SPEN                              00000007
SPP0                              00000000
SPP1                              00000001
SPP2                              00000002
SPP3                              00000003
SPP4                              00000004
SPP5                              00000005
SPP6                              00000006
MPASM 5.81                          UART.ASM   9-2-2018  9:35:35         PAGE 15


SYMBOL TABLE
  LABEL                             VALUE 

SPP7                              00000007
SPPBUSY                           00000004
SPPCFG                            00000F63
SPPCON                            00000F65
SPPDATA                           00000F62
SPPEN                             00000000
SPPEPS                            00000F64
SPPIE                             00000007
SPPIF                             00000007
SPPIP                             00000007
SPPOWN                            00000001
SREN                              00000005
SSPADD                            00000FC8
SSPBUF                            00000FC9
SSPCON1                           00000FC6
SSPCON2                           00000FC5
SSPEN                             00000005
SSPIE                             00000003
SSPIF                             00000003
SSPIP                             00000003
SSPM0                             00000000
SSPM1                             00000001
SSPM2                             00000002
SSPM3                             00000003
SSPOV                             00000006
SSPSTAT                           00000FC7
STALLIE                           00000005
STALLIF                           00000005
STATUS                            00000FD8
STKFUL                            00000007
STKOVF                            00000007
STKPTR                            00000FFC
STKPTR0                           00000000
STKPTR1                           00000001
STKPTR2                           00000002
STKPTR3                           00000003
STKPTR4                           00000004
STKUNF                            00000006
SUSPND                            00000001
SWDTE                             00000000
SWDTEN                            00000000
SYNC                              00000004
T08BIT                            00000006
T0CKI                             00000004
T0CON                             00000FD5
T0CS                              00000005
T0IE                              00000005
T0IF                              00000002
T0IP                              00000002
T0PS0                             00000000
T0PS1                             00000001
T0PS2                             00000002
T0SE                              00000004
MPASM 5.81                          UART.ASM   9-2-2018  9:35:35         PAGE 16


SYMBOL TABLE
  LABEL                             VALUE 

T13CKI                            00000000
T1CKPS0                           00000004
T1CKPS1                           00000005
T1CON                             00000FCD
T1OSCEN                           00000003
T1OSI                             00000001
T1OSO                             00000000
T1RUN                             00000006
T1SYNC                            00000002
T2CKPS0                           00000000
T2CKPS1                           00000001
T2CON                             00000FCA
T2OUTPS0                          00000003
T2OUTPS1                          00000004
T2OUTPS2                          00000005
T2OUTPS3                          00000006
T3CCP1                            00000003
T3CCP2                            00000006
T3CKPS0                           00000004
T3CKPS1                           00000005
T3CON                             00000FB1
T3NSYNC                           00000002
T3SYNC                            00000002
TABLAT                            00000FF5
TBLPTR                            00000FF6
TBLPTRH                           00000FF7
TBLPTRL                           00000FF6
TBLPTRU                           00000FF8
TMR0                              00000FD6
TMR0H                             00000FD7
TMR0IE                            00000005
TMR0IF                            00000002
TMR0IP                            00000002
TMR0L                             00000FD6
TMR0ON                            00000007
TMR1                              00000FCE
TMR1CS                            00000001
TMR1H                             00000FCF
TMR1IE                            00000000
TMR1IF                            00000000
TMR1IP                            00000000
TMR1L                             00000FCE
TMR1ON                            00000000
TMR2                              00000FCC
TMR2IE                            00000001
TMR2IF                            00000001
TMR2IP                            00000001
TMR2ON                            00000002
TMR3                              00000FB2
TMR3CS                            00000001
TMR3H                             00000FB3
TMR3IE                            00000001
TMR3IF                            00000001
MPASM 5.81                          UART.ASM   9-2-2018  9:35:35         PAGE 17


SYMBOL TABLE
  LABEL                             VALUE 

TMR3IP                            00000001
TMR3L                             00000FB2
TMR3ON                            00000000
TO                                00000003
TOS                               00000FFD
TOSH                              00000FFE
TOSL                              00000FFD
TOSU                              00000FFF
TOUTPS0                           00000003
TOUTPS1                           00000004
TOUTPS2                           00000005
TOUTPS3                           00000006
TRISA                             00000F92
TRISA0                            00000000
TRISA1                            00000001
TRISA2                            00000002
TRISA3                            00000003
TRISA4                            00000004
TRISA5                            00000005
TRISA6                            00000006
TRISB                             00000F93
TRISB0                            00000000
TRISB1                            00000001
TRISB2                            00000002
TRISB3                            00000003
TRISB4                            00000004
TRISB5                            00000005
TRISB6                            00000006
TRISB7                            00000007
TRISC                             00000F94
TRISC0                            00000000
TRISC1                            00000001
TRISC2                            00000002
TRISC6                            00000006
TRISC7                            00000007
TRISD                             00000F95
TRISD0                            00000000
TRISD1                            00000001
TRISD2                            00000002
TRISD3                            00000003
TRISD4                            00000004
TRISD5                            00000005
TRISD6                            00000006
TRISD7                            00000007
TRISE                             00000F96
TRISE0                            00000000
TRISE1                            00000001
TRISE2                            00000002
TRMT                              00000001
TRNIE                             00000003
TRNIF                             00000003
TUN0                              00000000
TUN1                              00000001
MPASM 5.81                          UART.ASM   9-2-2018  9:35:35         PAGE 18


SYMBOL TABLE
  LABEL                             VALUE 

TUN2                              00000002
TUN3                              00000003
TUN4                              00000004
TX                                00000006
TX9                               00000006
TX9D                              00000000
TXCKP                             00000004
TXEN                              00000005
TXIE                              00000004
TXIF                              00000004
TXIP                              00000004
TXREG                             00000FAD
TXSTA                             00000FAC
UA                                00000001
UADDR                             00000F6E
UART_BAUD                         0001C200
UART_BAUDCON                      00000042
UART_CANCEL_RECEIVE               00000094
UART_CANCEL_TRANSMIT              00000068
UART_FOSC                         02DC6C00
UART_INIT                         00000000
UART_RCSTA                        00000090
UART_RECEIVE                      00000074
UART_RECEIVE_FAIL                 0000008E
UART_RETURN_REG                   00000000
UART_RX                           00000002
UART_RX_COUNTER                   00000006
UART_RX_STATUS                    00000007
UART_SPBRG                        00000019
UART_START                        0000003E
UART_STOP                         00000042
UART_TRANSMIT                     00000046
UART_TRANSMIT_FAIL                00000062
UART_TX                           00000000
UART_TXSTA                        00000024
UART_TX_COUNTER                   00000004
UART_TX_STATUS                    00000005
UCFG                              00000F6F
UCON                              00000F6D
UEIE                              00000F6B
UEIR                              00000F6A
UEP0                              00000F70
UEP1                              00000F71
UEP10                             00000F7A
UEP11                             00000F7B
UEP12                             00000F7C
UEP13                             00000F7D
UEP14                             00000F7E
UEP15                             00000F7F
UEP2                              00000F72
UEP3                              00000F73
UEP4                              00000F74
UEP5                              00000F75
MPASM 5.81                          UART.ASM   9-2-2018  9:35:35         PAGE 19


SYMBOL TABLE
  LABEL                             VALUE 

UEP6                              00000F76
UEP7                              00000F77
UEP8                              00000F78
UEP9                              00000F79
UERRIE                            00000001
UERRIF                            00000001
UFRM                              00000F66
UFRMH                             00000F67
UFRML                             00000F66
UIE                               00000F69
UIR                               00000F68
UOEMON                            00000006
UPUEN                             00000004
URSTIE                            00000000
URSTIF                            00000000
USBEN                             00000003
USBIE                             00000005
USBIF                             00000005
USBIP                             00000005
USTAT                             00000F6C
UTEYE                             00000007
UTRDIS                            00000003
VCFG0                             00000004
VCFG1                             00000005
VDIRMAG                           00000007
VREFM                             00000002
VREFP                             00000003
W                                 00000000
WCOL                              00000007
WDTCON                            00000FD1
WR                                00000001
WREG                              00000FE8
WREN                              00000002
WRERR                             00000003
WRSPP                             00000006
WS0                               00000000
WS1                               00000001
WS2                               00000002
WS3                               00000003
WUE                               00000001
Z                                 00000002
_BORV_0_2L                        000000E7
_BORV_1_2L                        000000EF
_BORV_2_2L                        000000F7
_BORV_3_2L                        000000FF
_BOR_OFF_2L                       000000F9
_BOR_ON_2L                        000000FF
_BOR_ON_ACTIVE_2L                 000000FD
_BOR_SOFT_2L                      000000FB
_CCP2MX_OFF_3H                    000000FE
_CCP2MX_ON_3H                     000000FF
_CONFIG1H                         00300001
_CONFIG1L                         00300000
MPASM 5.81                          UART.ASM   9-2-2018  9:35:35         PAGE 20


SYMBOL TABLE
  LABEL                             VALUE 

_CONFIG2H                         00300003
_CONFIG2L                         00300002
_CONFIG3H                         00300005
_CONFIG4L                         00300006
_CONFIG5H                         00300009
_CONFIG5L                         00300008
_CONFIG6H                         0030000B
_CONFIG6L                         0030000A
_CONFIG7H                         0030000D
_CONFIG7L                         0030000C
_CP0_OFF_5L                       000000FF
_CP0_ON_5L                        000000FE
_CP1_OFF_5L                       000000FF
_CP1_ON_5L                        000000FD
_CP2_OFF_5L                       000000FF
_CP2_ON_5L                        000000FB
_CP3_OFF_5L                       000000FF
_CP3_ON_5L                        000000F7
_CPB_OFF_5H                       000000FF
_CPB_ON_5H                        000000BF
_CPD_OFF_5H                       000000FF
_CPD_ON_5H                        0000007F
_CPUDIV_OSC1_PLL2_1L              000000E7
_CPUDIV_OSC2_PLL3_1L              000000EF
_CPUDIV_OSC3_PLL4_1L              000000F7
_CPUDIV_OSC4_PLL6_1L              000000FF
_DEBUG_OFF_4L                     000000FF
_DEBUG_ON_4L                      0000007F
_DEVID1                           003FFFFE
_DEVID2                           003FFFFF
_EBTR0_OFF_7L                     000000FF
_EBTR0_ON_7L                      000000FE
_EBTR1_OFF_7L                     000000FF
_EBTR1_ON_7L                      000000FD
_EBTR2_OFF_7L                     000000FF
_EBTR2_ON_7L                      000000FB
_EBTR3_OFF_7L                     000000FF
_EBTR3_ON_7L                      000000F7
_EBTRB_OFF_7H                     000000FF
_EBTRB_ON_7H                      000000BF
_FCMEN_OFF_1H                     000000BF
_FCMEN_ON_1H                      000000FF
_FOSC_ECIO_EC_1H                  000000F4
_FOSC_ECPLLIO_EC_1H               000000F6
_FOSC_ECPLL_EC_1H                 000000F7
_FOSC_EC_EC_1H                    000000F5
_FOSC_HSPLL_HS_1H                 000000FE
_FOSC_HS_1H                       000000FC
_FOSC_INTOSCIO_EC_1H              000000F8
_FOSC_INTOSC_EC_1H                000000F9
_FOSC_INTOSC_HS_1H                000000FB
_FOSC_INTOSC_XT_1H                000000FA
_FOSC_XTPLL_XT_1H                 000000F2
MPASM 5.81                          UART.ASM   9-2-2018  9:35:35         PAGE 21


SYMBOL TABLE
  LABEL                             VALUE 

_FOSC_XT_XT_1H                    000000F0
_ICPRT_OFF_4L                     000000DF
_ICPRT_ON_4L                      000000FF
_IDLOC0                           00200000
_IDLOC1                           00200001
_IDLOC2                           00200002
_IDLOC3                           00200003
_IDLOC4                           00200004
_IDLOC5                           00200005
_IDLOC6                           00200006
_IDLOC7                           00200007
_IESO_OFF_1H                      0000007F
_IESO_ON_1H                       000000FF
_LPT1OSC_OFF_3H                   000000FB
_LPT1OSC_ON_3H                    000000FF
_LVP_OFF_4L                       000000FB
_LVP_ON_4L                        000000FF
_MCLRE_OFF_3H                     0000007F
_MCLRE_ON_3H                      000000FF
_PBADEN_OFF_3H                    000000FD
_PBADEN_ON_3H                     000000FF
_PLLDIV_10_1L                     000000FE
_PLLDIV_12_1L                     000000FF
_PLLDIV_1_1L                      000000F8
_PLLDIV_2_1L                      000000F9
_PLLDIV_3_1L                      000000FA
_PLLDIV_4_1L                      000000FB
_PLLDIV_5_1L                      000000FC
_PLLDIV_6_1L                      000000FD
_PWRT_OFF_2L                      000000FF
_PWRT_ON_2L                       000000FE
_STVREN_OFF_4L                    000000FE
_STVREN_ON_4L                     000000FF
_USBDIV_1_1L                      000000DF
_USBDIV_2_1L                      000000FF
_VREGEN_OFF_2L                    000000DF
_VREGEN_ON_2L                     000000FF
_WDTPS_1024_2H                    000000F5
_WDTPS_128_2H                     000000EF
_WDTPS_16384_2H                   000000FD
_WDTPS_16_2H                      000000E9
_WDTPS_1_2H                       000000E1
_WDTPS_2048_2H                    000000F7
_WDTPS_256_2H                     000000F1
_WDTPS_2_2H                       000000E3
_WDTPS_32768_2H                   000000FF
_WDTPS_32_2H                      000000EB
_WDTPS_4096_2H                    000000F9
_WDTPS_4_2H                       000000E5
_WDTPS_512_2H                     000000F3
_WDTPS_64_2H                      000000ED
_WDTPS_8192_2H                    000000FB
_WDTPS_8_2H                       000000E7
MPASM 5.81                          UART.ASM   9-2-2018  9:35:35         PAGE 22


SYMBOL TABLE
  LABEL                             VALUE 

_WDT_OFF_2H                       000000FE
_WDT_ON_2H                        000000FF
_WRT0_OFF_6L                      000000FF
_WRT0_ON_6L                       000000FE
_WRT1_OFF_6L                      000000FF
_WRT1_ON_6L                       000000FD
_WRT2_OFF_6L                      000000FF
_WRT2_ON_6L                       000000FB
_WRT3_OFF_6L                      000000FF
_WRT3_ON_6L                       000000F7
_WRTB_OFF_6H                      000000FF
_WRTB_ON_6H                       000000BF
_WRTC_OFF_6H                      000000FF
_WRTC_ON_6H                       000000DF
_WRTD_OFF_6H                      000000FF
_WRTD_ON_6H                       0000007F
_XINST_OFF_4L                     000000BF
_XINST_ON_4L                      000000FF
__18F4550                         00000001

Errors   :     0
Warnings :     0 reported,     0 suppressed
Messages :     0 reported,     0 suppressed

